Command line:
   rx_uart_isim_beh.exe
     -simmode  gui
     -simrunnum  0
     -socket  59804

Thu Apr 30 16:54:57 2015


 Elaboration Time: 0.140625 sec

 Current Memory Usage: 361.685 Meg

 Total Signals          : 19
 Total Nets             : 74
 Total Signal Drivers   : 16
 Total Blocks           : 5
 Total Primitive Blocks : 5
 Total Processes        : 5
 Total Traceable Variables  : 15
 Total Scalar Nets and Variables : 575
Total Line Count : 47

 Total Simulation Time: 0.15625 sec

 Current Memory Usage: 361.685 Meg

Thu Apr 30 16:55:04 2015

